# JRE version: OpenJDK Runtime Environment Temurin-17.0.6+10 (17.0.6+10) (build 17.0.6+10)
# Java VM: OpenJDK 64-Bit Server VM Temurin-17.0.6+10 (17.0.6+10, mixed mode, tiered, compressed oops, compressed class ptrs, parallel gc, windows-amd64)
GC Precious Log:
 CPUs: 12 total, 12 available
 Memory: 16295M
 Large Page Support: Disabled
 NUMA Support: Disabled
 Compressed Oops: Enabled (32-bit)
 Alignments: Space 512K, Generation 512K, Heap 2M
 Heap Min Capacity: 100M
 Heap Initial Capacity: 100M
 Heap Max Capacity: 1G
 Pre-touch: Disabled
 Parallel Workers: 10
Heap:
 PSYoungGen      total 14848K, used 9732K [0x00000000eab00000, 0x00000000ebf00000, 0x0000000100000000)
  eden space 11264K, 54% used [0x00000000eab00000,0x00000000eb106eb0,0x00000000eb600000)
  from space 3584K, 99% used [0x00000000eb600000,0x00000000eb97a500,0x00000000eb980000)
  to   space 4608K, 0% used [0x00000000eba80000,0x00000000eba80000,0x00000000ebf00000)
 ParOldGen       total 420864K, used 397165K [0x00000000c0000000, 0x00000000d9b00000, 0x00000000eab00000)
  object space 420864K, 94% used [0x00000000c0000000,0x00000000d83db7c8,0x00000000d9b00000)
 Metaspace       used 83956K, committed 85248K, reserved 1130496K
  class space    used 8845K, committed 9408K, reserved 1048576K
GC Heap History (20 events):
Event: 9515.038 GC heap after
{Heap after GC invocations=655 (full 24):
 PSYoungGen      total 13312K, used 737K [0x00000000eab00000, 0x00000000ebb00000, 0x0000000100000000)
  eden space 12288K, 0% used [0x00000000eab00000,0x00000000eab00000,0x00000000eb700000)
  from space 1024K, 72% used [0x00000000eb900000,0x00000000eb9b8558,0x00000000eba00000)
  to   space 1024K, 0% used [0x00000000eba00000,0x00000000eba00000,0x00000000ebb00000)
 ParOldGen       total 420864K, used 393674K [0x00000000c0000000, 0x00000000d9b00000, 0x00000000eab00000)
  object space 420864K, 93% used [0x00000000c0000000,0x00000000d8072800,0x00000000d9b00000)
 Metaspace       used 83927K, committed 85248K, reserved 1130496K
  class space    used 8844K, committed 9408K, reserved 1048576K
}
Event: 9515.234 GC heap before
{Heap before GC invocations=656 (full 24):
 PSYoungGen      total 13312K, used 13025K [0x00000000eab00000, 0x00000000ebb00000, 0x0000000100000000)
  eden space 12288K, 100% used [0x00000000eab00000,0x00000000eb700000,0x00000000eb700000)
  from space 1024K, 72% used [0x00000000eb900000,0x00000000eb9b8558,0x00000000eba00000)
  to   space 1024K, 0% used [0x00000000eba00000,0x00000000eba00000,0x00000000ebb00000)
 ParOldGen       total 420864K, used 393674K [0x00000000c0000000, 0x00000000d9b00000, 0x00000000eab00000)
  object space 420864K, 93% used [0x00000000c0000000,0x00000000d8072800,0x00000000d9b00000)
 Metaspace       used 83927K, committed 85248K, reserved 1130496K
  class space    used 8844K, committed 9408K, reserved 1048576K
}
Event: 9515.237 GC heap after
{Heap after GC invocations=656 (full 24):
 PSYoungGen      total 13312K, used 998K [0x00000000eab00000, 0x00000000ebc00000, 0x0000000100000000)
  eden space 12288K, 0% used [0x00000000eab00000,0x00000000eab00000,0x00000000eb700000)
  from space 1024K, 97% used [0x00000000eba00000,0x00000000ebaf9be0,0x00000000ebb00000)
  to   space 2560K, 0% used [0x00000000eb700000,0x00000000eb700000,0x00000000eb980000)
 ParOldGen       total 420864K, used 394938K [0x00000000c0000000, 0x00000000d9b00000, 0x00000000eab00000)
  object space 420864K, 93% used [0x00000000c0000000,0x00000000d81ae800,0x00000000d9b00000)
 Metaspace       used 83927K, committed 85248K, reserved 1130496K
  class space    used 8844K, committed 9408K, reserved 1048576K
}
Event: 9515.578 GC heap before
{Heap before GC invocations=657 (full 24):
 PSYoungGen      total 13312K, used 13286K [0x00000000eab00000, 0x00000000ebc00000, 0x0000000100000000)
  eden space 12288K, 100% used [0x00000000eab00000,0x00000000eb700000,0x00000000eb700000)
  from space 1024K, 97% used [0x00000000eba00000,0x00000000ebaf9be0,0x00000000ebb00000)
  to   space 2560K, 0% used [0x00000000eb700000,0x00000000eb700000,0x00000000eb980000)
 ParOldGen       total 420864K, used 394938K [0x00000000c0000000, 0x00000000d9b00000, 0x00000000eab00000)
  object space 420864K, 93% used [0x00000000c0000000,0x00000000d81ae800,0x00000000d9b00000)
 Metaspace       used 83927K, committed 85248K, reserved 1130496K
  class space    used 8844K, committed 9408K, reserved 1048576K
}
Event: 9515.581 GC heap after
{Heap after GC invocations=657 (full 24):
 PSYoungGen      total 14848K, used 2513K [0x00000000eab00000, 0x00000000ebd00000, 0x0000000100000000)
  eden space 12288K, 0% used [0x00000000eab00000,0x00000000eab00000,0x00000000eb700000)
  from space 2560K, 98% used [0x00000000eb700000,0x00000000eb9745e0,0x00000000eb980000)
  to   space 3072K, 0% used [0x00000000eba00000,0x00000000eba00000,0x00000000ebd00000)
 ParOldGen       total 420864K, used 395194K [0x00000000c0000000, 0x00000000d9b00000, 0x00000000eab00000)
  object space 420864K, 93% used [0x00000000c0000000,0x00000000d81ee800,0x00000000d9b00000)
 Metaspace       used 83927K, committed 85248K, reserved 1130496K
  class space    used 8844K, committed 9408K, reserved 1048576K
}
Event: 9516.112 GC heap before
{Heap before GC invocations=658 (full 24):
 PSYoungGen      total 14848K, used 14801K [0x00000000eab00000, 0x00000000ebd00000, 0x0000000100000000)
  eden space 12288K, 100% used [0x00000000eab00000,0x00000000eb700000,0x00000000eb700000)
  from space 2560K, 98% used [0x00000000eb700000,0x00000000eb9745e0,0x00000000eb980000)
  to   space 3072K, 0% used [0x00000000eba00000,0x00000000eba00000,0x00000000ebd00000)
 ParOldGen       total 420864K, used 395194K [0x00000000c0000000, 0x00000000d9b00000, 0x00000000eab00000)
  object space 420864K, 93% used [0x00000000c0000000,0x00000000d81ee800,0x00000000d9b00000)
 Metaspace       used 83953K, committed 85248K, reserved 1130496K
  class space    used 8845K, committed 9408K, reserved 1048576K
}
Event: 9516.116 GC heap after
{Heap after GC invocations=658 (full 24):
 PSYoungGen      total 14848K, used 3068K [0x00000000eab00000, 0x00000000ebe00000, 0x0000000100000000)
  eden space 11776K, 0% used [0x00000000eab00000,0x00000000eab00000,0x00000000eb680000)
  from space 3072K, 99% used [0x00000000eba00000,0x00000000ebcff3e0,0x00000000ebd00000)
  to   space 3584K, 0% used [0x00000000eb680000,0x00000000eb680000,0x00000000eba00000)
 ParOldGen       total 420864K, used 395194K [0x00000000c0000000, 0x00000000d9b00000, 0x00000000eab00000)
  object space 420864K, 93% used [0x00000000c0000000,0x00000000d81ee800,0x00000000d9b00000)
 Metaspace       used 83953K, committed 85248K, reserved 1130496K
  class space    used 8845K, committed 9408K, reserved 1048576K
}
Event: 9516.435 GC heap before
{Heap before GC invocations=659 (full 24):
 PSYoungGen      total 14848K, used 14844K [0x00000000eab00000, 0x00000000ebe00000, 0x0000000100000000)
  eden space 11776K, 100% used [0x00000000eab00000,0x00000000eb680000,0x00000000eb680000)
  from space 3072K, 99% used [0x00000000eba00000,0x00000000ebcff3e0,0x00000000ebd00000)
  to   space 3584K, 0% used [0x00000000eb680000,0x00000000eb680000,0x00000000eba00000)
 ParOldGen       total 420864K, used 395194K [0x00000000c0000000, 0x00000000d9b00000, 0x00000000eab00000)
  object space 420864K, 93% used [0x00000000c0000000,0x00000000d81ee800,0x00000000d9b00000)
 Metaspace       used 83953K, committed 85248K, reserved 1130496K
  class space    used 8845K, committed 9408K, reserved 1048576K
}
Event: 9516.439 GC heap after
{Heap after GC invocations=659 (full 24):
 PSYoungGen      total 15360K, used 3578K [0x00000000eab00000, 0x00000000ebf80000, 0x0000000100000000)
  eden space 11776K, 0% used [0x00000000eab00000,0x00000000eab00000,0x00000000eb680000)
  from space 3584K, 99% used [0x00000000eb680000,0x00000000eb9fe828,0x00000000eba00000)
  to   space 4608K, 0% used [0x00000000ebb00000,0x00000000ebb00000,0x00000000ebf80000)
 ParOldGen       total 420864K, used 395842K [0x00000000c0000000, 0x00000000d9b00000, 0x00000000eab00000)
  object space 420864K, 94% used [0x00000000c0000000,0x00000000d8290800,0x00000000d9b00000)
 Metaspace       used 83953K, committed 85248K, reserved 1130496K
  class space    used 8845K, committed 9408K, reserved 1048576K
}
Event: 9517.288 GC heap before
{Heap before GC invocations=660 (full 24):
 PSYoungGen      total 15360K, used 15353K [0x00000000eab00000, 0x00000000ebf80000, 0x0000000100000000)
  eden space 11776K, 99% used [0x00000000eab00000,0x00000000eb67fdb8,0x00000000eb680000)
  from space 3584K, 99% used [0x00000000eb680000,0x00000000eb9fe828,0x00000000eba00000)
  to   space 4608K, 0% used [0x00000000ebb00000,0x00000000ebb00000,0x00000000ebf80000)
 ParOldGen       total 420864K, used 395842K [0x00000000c0000000, 0x00000000d9b00000, 0x00000000eab00000)
  object space 420864K, 94% used [0x00000000c0000000,0x00000000d8290800,0x00000000d9b00000)
 Metaspace       used 83953K, committed 85248K, reserved 1130496K
  class space    used 8845K, committed 9408K, reserved 1048576K
}
Event: 9517.290 GC heap after
{Heap after GC invocations=660 (full 24):
 PSYoungGen      total 13312K, used 1373K [0x00000000eab00000, 0x00000000ebc80000, 0x0000000100000000)
  eden space 11776K, 0% used [0x00000000eab00000,0x00000000eab00000,0x00000000eb680000)
  from space 1536K, 89% used [0x00000000ebb00000,0x00000000ebc574f8,0x00000000ebc80000)
  to   space 2560K, 0% used [0x00000000eb780000,0x00000000eb780000,0x00000000eba00000)
 ParOldGen       total 420864K, used 395898K [0x00000000c0000000, 0x00000000d9b00000, 0x00000000eab00000)
  object space 420864K, 94% used [0x00000000c0000000,0x00000000d829e800,0x00000000d9b00000)
 Metaspace       used 83953K, committed 85248K, reserved 1130496K
  class space    used 8845K, committed 9408K, reserved 1048576K
}
Event: 9517.762 GC heap before
{Heap before GC invocations=661 (full 24):
 PSYoungGen      total 13312K, used 13149K [0x00000000eab00000, 0x00000000ebc80000, 0x0000000100000000)
  eden space 11776K, 99% used [0x00000000eab00000,0x00000000eb67ffd8,0x00000000eb680000)
  from space 1536K, 89% used [0x00000000ebb00000,0x00000000ebc574f8,0x00000000ebc80000)
  to   space 2560K, 0% used [0x00000000eb780000,0x00000000eb780000,0x00000000eba00000)
 ParOldGen       total 420864K, used 395898K [0x00000000c0000000, 0x00000000d9b00000, 0x00000000eab00000)
  object space 420864K, 94% used [0x00000000c0000000,0x00000000d829e800,0x00000000d9b00000)
 Metaspace       used 83954K, committed 85248K, reserved 1130496K
  class space    used 8845K, committed 9408K, reserved 1048576K
}
Event: 9517.765 GC heap after
{Heap after GC invocations=661 (full 24):
 PSYoungGen      total 14336K, used 2535K [0x00000000eab00000, 0x00000000ebc80000, 0x0000000100000000)
  eden space 11776K, 0% used [0x00000000eab00000,0x00000000eab00000,0x00000000eb680000)
  from space 2560K, 99% used [0x00000000eb780000,0x00000000eb9f9f00,0x00000000eba00000)
  to   space 2560K, 0% used [0x00000000eba00000,0x00000000eba00000,0x00000000ebc80000)
 ParOldGen       total 420864K, used 396010K [0x00000000c0000000, 0x00000000d9b00000, 0x00000000eab00000)
  object space 420864K, 94% used [0x00000000c0000000,0x00000000d82ba800,0x00000000d9b00000)
 Metaspace       used 83954K, committed 85248K, reserved 1130496K
  class space    used 8845K, committed 9408K, reserved 1048576K
}
Event: 9517.846 GC heap before
{Heap before GC invocations=662 (full 24):
 PSYoungGen      total 14336K, used 14311K [0x00000000eab00000, 0x00000000ebc80000, 0x0000000100000000)
  eden space 11776K, 100% used [0x00000000eab00000,0x00000000eb680000,0x00000000eb680000)
  from space 2560K, 99% used [0x00000000eb780000,0x00000000eb9f9f00,0x00000000eba00000)
  to   space 2560K, 0% used [0x00000000eba00000,0x00000000eba00000,0x00000000ebc80000)
 ParOldGen       total 420864K, used 396010K [0x00000000c0000000, 0x00000000d9b00000, 0x00000000eab00000)
  object space 420864K, 94% used [0x00000000c0000000,0x00000000d82ba800,0x00000000d9b00000)
 Metaspace       used 83954K, committed 85248K, reserved 1130496K
  class space    used 8845K, committed 9408K, reserved 1048576K
}
Event: 9517.888 GC heap after
{Heap after GC invocations=662 (full 24):
 PSYoungGen      total 14336K, used 2535K [0x00000000eab00000, 0x00000000ebc80000, 0x0000000100000000)
  eden space 11776K, 0% used [0x00000000eab00000,0x00000000eab00000,0x00000000eb680000)
  from space 2560K, 99% used [0x00000000eba00000,0x00000000ebc79f00,0x00000000ebc80000)
  to   space 3072K, 0% used [0x00000000eb680000,0x00000000eb680000,0x00000000eb980000)
 ParOldGen       total 420864K, used 396410K [0x00000000c0000000, 0x00000000d9b00000, 0x00000000eab00000)
  object space 420864K, 94% used [0x00000000c0000000,0x00000000d831e800,0x00000000d9b00000)
 Metaspace       used 83954K, committed 85248K, reserved 1130496K
  class space    used 8845K, committed 9408K, reserved 1048576K
}
Event: 9518.012 GC heap before
{Heap before GC invocations=663 (full 24):
 PSYoungGen      total 14336K, used 14311K [0x00000000eab00000, 0x00000000ebc80000, 0x0000000100000000)
  eden space 11776K, 100% used [0x00000000eab00000,0x00000000eb680000,0x00000000eb680000)
  from space 2560K, 99% used [0x00000000eba00000,0x00000000ebc79f00,0x00000000ebc80000)
  to   space 3072K, 0% used [0x00000000eb680000,0x00000000eb680000,0x00000000eb980000)
 ParOldGen       total 420864K, used 396410K [0x00000000c0000000, 0x00000000d9b00000, 0x00000000eab00000)
  object space 420864K, 94% used [0x00000000c0000000,0x00000000d831e838,0x00000000d9b00000)
 Metaspace       used 83954K, committed 85248K, reserved 1130496K
  class space    used 8845K, committed 9408K, reserved 1048576K
}
Event: 9518.015 GC heap after
{Heap after GC invocations=663 (full 24):
 PSYoungGen      total 14848K, used 3027K [0x00000000eab00000, 0x00000000ebc80000, 0x0000000100000000)
  eden space 11776K, 0% used [0x00000000eab00000,0x00000000eab00000,0x00000000eb680000)
  from space 3072K, 98% used [0x00000000eb680000,0x00000000eb974d00,0x00000000eb980000)
  to   space 3072K, 0% used [0x00000000eb980000,0x00000000eb980000,0x00000000ebc80000)
 ParOldGen       total 420864K, used 396650K [0x00000000c0000000, 0x00000000d9b00000, 0x00000000eab00000)
  object space 420864K, 94% used [0x00000000c0000000,0x00000000d835a838,0x00000000d9b00000)
 Metaspace       used 83954K, committed 85248K, reserved 1130496K
  class space    used 8845K, committed 9408K, reserved 1048576K
}
Event: 9518.553 GC heap before
{Heap before GC invocations=664 (full 24):
 PSYoungGen      total 14848K, used 14803K [0x00000000eab00000, 0x00000000ebc80000, 0x0000000100000000)
  eden space 11776K, 100% used [0x00000000eab00000,0x00000000eb680000,0x00000000eb680000)
  from space 3072K, 98% used [0x00000000eb680000,0x00000000eb974d00,0x00000000eb980000)
  to   space 3072K, 0% used [0x00000000eb980000,0x00000000eb980000,0x00000000ebc80000)
 ParOldGen       total 420864K, used 396653K [0x00000000c0000000, 0x00000000d9b00000, 0x00000000eab00000)
  object space 420864K, 94% used [0x00000000c0000000,0x00000000d835b7c8,0x00000000d9b00000)
 Metaspace       used 83956K, committed 85248K, reserved 1130496K
  class space    used 8845K, committed 9408K, reserved 1048576K
}
Event: 9518.579 GC heap after
{Heap after GC invocations=664 (full 24):
 PSYoungGen      total 14336K, used 3049K [0x00000000eab00000, 0x00000000ebd80000, 0x0000000100000000)
  eden space 11264K, 0% used [0x00000000eab00000,0x00000000eab00000,0x00000000eb600000)
  from space 3072K, 99% used [0x00000000eb980000,0x00000000ebc7a500,0x00000000ebc80000)
  to   space 3584K, 0% used [0x00000000eb600000,0x00000000eb600000,0x00000000eb980000)
 ParOldGen       total 420864K, used 396725K [0x00000000c0000000, 0x00000000d9b00000, 0x00000000eab00000)
  object space 420864K, 94% used [0x00000000c0000000,0x00000000d836d7c8,0x00000000d9b00000)
 Metaspace       used 83956K, committed 85248K, reserved 1130496K
  class space    used 8845K, committed 9408K, reserved 1048576K
}
Event: 9519.124 GC heap before
{Heap before GC invocations=665 (full 24):
 PSYoungGen      total 14336K, used 14313K [0x00000000eab00000, 0x00000000ebd80000, 0x0000000100000000)
  eden space 11264K, 100% used [0x00000000eab00000,0x00000000eb600000,0x00000000eb600000)
  from space 3072K, 99% used [0x00000000eb980000,0x00000000ebc7a500,0x00000000ebc80000)
  to   space 3584K, 0% used [0x00000000eb600000,0x00000000eb600000,0x00000000eb980000)
 ParOldGen       total 420864K, used 396725K [0x00000000c0000000, 0x00000000d9b00000, 0x00000000eab00000)
  object space 420864K, 94% used [0x00000000c0000000,0x00000000d836d7c8,0x00000000d9b00000)
 Metaspace       used 83956K, committed 85248K, reserved 1130496K
  class space    used 8845K, committed 9408K, reserved 1048576K
}

